training started on 2022-03-09 00:28:34.559054
==========
Current Epoch 1/50
Entry on Wed Mar  9 00:28:34 2022
Currently used time: 0.0h 0.0m 0.00s
Epoch Loss: 0.8314, Epoch Accs: 0.8038
Epoch Time: 6:3
==========
Current Epoch 2/50
Entry on Wed Mar  9 00:34:37 2022
Currently used time: 0.0h 6.0m 2.57s
Epoch Loss: 0.7888, Epoch Accs: 0.8070
Epoch Time: 5:55
==========
Current Epoch 3/50
Entry on Wed Mar  9 00:40:31 2022
Currently used time: 0.0h 11.0m 57.24s
Epoch Loss: 0.7829, Epoch Accs: 0.8070
Epoch Time: 6:11
==========
Current Epoch 4/50
Entry on Wed Mar  9 00:46:42 2022
Currently used time: 0.0h 18.0m 8.27s
Epoch Loss: 0.7806, Epoch Accs: 0.8070
Epoch Time: 6:4
==========
Current Epoch 5/50
Entry on Wed Mar  9 00:52:47 2022
Currently used time: 0.0h 24.0m 12.65s
Epoch Loss: 0.7759, Epoch Accs: 0.8069
Epoch Time: 5:59
==========
Current Epoch 6/50
Entry on Wed Mar  9 00:58:46 2022
Currently used time: 0.0h 30.0m 11.74s
Epoch Loss: 0.7736, Epoch Accs: 0.8069
Epoch Time: 6:11
==========
Current Epoch 7/50
Entry on Wed Mar  9 01:04:56 2022
Currently used time: 0.0h 36.0m 22.38s
Epoch Loss: 0.7688, Epoch Accs: 0.8067
Epoch Time: 6:10
==========
Current Epoch 8/50
Entry on Wed Mar  9 01:11:07 2022
Currently used time: 0.0h 42.0m 32.46s
Epoch Loss: 0.7692, Epoch Accs: 0.8070
Epoch Time: 6:7
==========
Current Epoch 9/50
Entry on Wed Mar  9 01:17:14 2022
Currently used time: 0.0h 48.0m 39.79s
Epoch Loss: 0.7666, Epoch Accs: 0.8068
Epoch Time: 5:54
==========
Current Epoch 10/50
Entry on Wed Mar  9 01:23:08 2022
Currently used time: 0.0h 54.0m 33.89s
Epoch Loss: 0.7647, Epoch Accs: 0.8069
Epoch Time: 6:9
==========
Current Epoch 11/50
Entry on Wed Mar  9 01:29:17 2022
Currently used time: 1.0h 0.0m 42.44s
Epoch Loss: 0.7618, Epoch Accs: 0.8067
Epoch Time: 6:3
==========
Current Epoch 12/50
Entry on Wed Mar  9 01:35:20 2022
Currently used time: 1.0h 6.0m 45.67s
Epoch Loss: 0.7610, Epoch Accs: 0.8068
Epoch Time: 6:8
==========
Current Epoch 13/50
Entry on Wed Mar  9 01:41:28 2022
Currently used time: 1.0h 12.0m 53.95s
Epoch Loss: 0.7578, Epoch Accs: 0.8068
Epoch Time: 6:3
==========
Current Epoch 14/50
Entry on Wed Mar  9 01:47:31 2022
Currently used time: 1.0h 18.0m 57.01s
Epoch Loss: 0.7562, Epoch Accs: 0.8064
Epoch Time: 6:4
==========
Current Epoch 15/50
Entry on Wed Mar  9 01:53:35 2022
Currently used time: 1.0h 25.0m 1.22s
Epoch Loss: 0.7565, Epoch Accs: 0.8062
Epoch Time: 6:5
==========
Current Epoch 16/50
Entry on Wed Mar  9 01:59:41 2022
Currently used time: 1.0h 31.0m 6.63s
Epoch Loss: 0.7536, Epoch Accs: 0.8065
Epoch Time: 5:58
==========
Current Epoch 17/50
Entry on Wed Mar  9 02:05:38 2022
Currently used time: 1.0h 37.0m 4.33s
Epoch Loss: 0.7543, Epoch Accs: 0.8065
Epoch Time: 6:8
==========
Current Epoch 18/50
Entry on Wed Mar  9 02:11:47 2022
Currently used time: 1.0h 43.0m 12.54s
Epoch Loss: 0.7498, Epoch Accs: 0.8064
Epoch Time: 6:16
==========
Current Epoch 19/50
Entry on Wed Mar  9 02:18:03 2022
Currently used time: 1.0h 49.0m 28.68s
Epoch Loss: 0.7484, Epoch Accs: 0.8062
Epoch Time: 6:0
==========
Current Epoch 20/50
Entry on Wed Mar  9 02:24:03 2022
Currently used time: 1.0h 55.0m 28.50s
Epoch Loss: 0.7455, Epoch Accs: 0.8058
Epoch Time: 6:9
==========
Current Epoch 21/50
Entry on Wed Mar  9 02:30:12 2022
Currently used time: 2.0h 1.0m 37.47s
Epoch Loss: 0.7457, Epoch Accs: 0.8063
Epoch Time: 6:7
==========
Current Epoch 22/50
Entry on Wed Mar  9 02:36:18 2022
Currently used time: 2.0h 7.0m 44.06s
Epoch Loss: 0.7465, Epoch Accs: 0.8068
Epoch Time: 6:3
==========
Current Epoch 23/50
Entry on Wed Mar  9 02:42:21 2022
Currently used time: 2.0h 13.0m 46.88s
Epoch Loss: 0.7448, Epoch Accs: 0.8064
Epoch Time: 6:0
==========
Current Epoch 24/50
Entry on Wed Mar  9 02:48:20 2022
Currently used time: 2.0h 19.0m 46.38s
Epoch Loss: 0.7448, Epoch Accs: 0.8064
Epoch Time: 6:0
==========
Current Epoch 25/50
Entry on Wed Mar  9 02:54:21 2022
Currently used time: 2.0h 25.0m 46.69s
Epoch Loss: 0.7402, Epoch Accs: 0.8057
Epoch Time: 6:4
==========
Current Epoch 26/50
Entry on Wed Mar  9 03:00:25 2022
Currently used time: 2.0h 31.0m 50.98s
Epoch Loss: 0.7379, Epoch Accs: 0.8063
Epoch Time: 6:13
==========
Current Epoch 27/50
Entry on Wed Mar  9 03:06:38 2022
Currently used time: 2.0h 38.0m 4.42s
Epoch Loss: 0.7366, Epoch Accs: 0.8072
Epoch Time: 6:1
==========
Current Epoch 28/50
Entry on Wed Mar  9 03:12:40 2022
Currently used time: 2.0h 44.0m 5.67s
Epoch Loss: 0.7355, Epoch Accs: 0.8067
Epoch Time: 6:8
==========
Current Epoch 29/50
Entry on Wed Mar  9 03:18:48 2022
Currently used time: 2.0h 50.0m 13.93s
Epoch Loss: 0.7331, Epoch Accs: 0.8064
Epoch Time: 6:6
==========
Current Epoch 30/50
Entry on Wed Mar  9 03:24:54 2022
Currently used time: 2.0h 56.0m 20.41s
Epoch Loss: 0.7340, Epoch Accs: 0.8072
Epoch Time: 5:58
==========
Current Epoch 31/50
Entry on Wed Mar  9 03:30:53 2022
Currently used time: 3.0h 2.0m 18.69s
Epoch Loss: 0.7303, Epoch Accs: 0.8064
Epoch Time: 6:3
==========
Current Epoch 32/50
Entry on Wed Mar  9 03:36:56 2022
Currently used time: 3.0h 8.0m 21.57s
Epoch Loss: 0.7284, Epoch Accs: 0.8070
Epoch Time: 6:5
==========
Current Epoch 33/50
Entry on Wed Mar  9 03:43:01 2022
Currently used time: 3.0h 14.0m 26.71s
Epoch Loss: 0.7263, Epoch Accs: 0.8064
Epoch Time: 6:14
==========
Current Epoch 34/50
Entry on Wed Mar  9 03:49:14 2022
Currently used time: 3.0h 20.0m 40.42s
Epoch Loss: 0.7249, Epoch Accs: 0.8070
Epoch Time: 6:11
==========
Current Epoch 35/50
Entry on Wed Mar  9 03:55:26 2022
Currently used time: 3.0h 26.0m 51.63s
Epoch Loss: 0.7261, Epoch Accs: 0.8061
Epoch Time: 6:14
==========
Current Epoch 36/50
Entry on Wed Mar  9 04:01:39 2022
Currently used time: 3.0h 33.0m 5.29s
Epoch Loss: 0.7193, Epoch Accs: 0.8066
Epoch Time: 6:6
==========
Current Epoch 37/50
Entry on Wed Mar  9 04:07:45 2022
Currently used time: 3.0h 39.0m 11.33s
Epoch Loss: 0.7209, Epoch Accs: 0.8069
Epoch Time: 6:9
==========
Current Epoch 38/50
Entry on Wed Mar  9 04:13:54 2022
Currently used time: 3.0h 45.0m 20.43s
Epoch Loss: 0.7160, Epoch Accs: 0.8068
Epoch Time: 6:4
==========
Current Epoch 39/50
Entry on Wed Mar  9 04:19:59 2022
Currently used time: 3.0h 51.0m 24.82s
Epoch Loss: 0.7135, Epoch Accs: 0.8064
Epoch Time: 5:58
==========
Current Epoch 40/50
Entry on Wed Mar  9 04:25:57 2022
Currently used time: 3.0h 57.0m 22.48s
Epoch Loss: 0.7105, Epoch Accs: 0.8068
Epoch Time: 6:7
==========
Current Epoch 41/50
Entry on Wed Mar  9 04:32:04 2022
Currently used time: 4.0h 3.0m 29.48s
Epoch Loss: 0.7102, Epoch Accs: 0.8067
Epoch Time: 6:4
==========
Current Epoch 42/50
Entry on Wed Mar  9 04:38:08 2022
Currently used time: 4.0h 9.0m 33.44s
Epoch Loss: 0.7029, Epoch Accs: 0.8070
Epoch Time: 6:6
==========
Current Epoch 43/50
Entry on Wed Mar  9 04:44:13 2022
Currently used time: 4.0h 15.0m 39.17s
Epoch Loss: 0.7024, Epoch Accs: 0.8069
Epoch Time: 6:3
==========
Current Epoch 44/50
Entry on Wed Mar  9 04:50:16 2022
Currently used time: 4.0h 21.0m 41.72s
Epoch Loss: 0.7009, Epoch Accs: 0.8075
Epoch Time: 6:10
==========
Current Epoch 45/50
Entry on Wed Mar  9 04:56:26 2022
Currently used time: 4.0h 27.0m 51.68s
Epoch Loss: 0.6993, Epoch Accs: 0.8062
Epoch Time: 6:13
==========
Current Epoch 46/50
Entry on Wed Mar  9 05:02:39 2022
Currently used time: 4.0h 34.0m 5.17s
Epoch Loss: 0.6959, Epoch Accs: 0.8089
Epoch Time: 6:16
==========
Current Epoch 47/50
Entry on Wed Mar  9 05:08:56 2022
Currently used time: 4.0h 40.0m 21.61s
Epoch Loss: 0.6905, Epoch Accs: 0.8085
Epoch Time: 6:7
==========
Current Epoch 48/50
Entry on Wed Mar  9 05:15:02 2022
Currently used time: 4.0h 46.0m 28.19s
Epoch Loss: 0.6859, Epoch Accs: 0.8081
Epoch Time: 6:12
==========
Current Epoch 49/50
Entry on Wed Mar  9 05:21:15 2022
Currently used time: 4.0h 52.0m 40.56s
Epoch Loss: 0.6875, Epoch Accs: 0.8064
Epoch Time: 6:12
==========
Current Epoch 50/50
Entry on Wed Mar  9 05:27:27 2022
Currently used time: 4.0h 58.0m 52.51s
Epoch Loss: 0.6792, Epoch Accs: 0.8075
Epoch Time: 5:58

Training Finished
Training Summary:
Final Loss: 0.6792, 
Final Acc: 0.8075

training ended on 2022-03-09 05:33:24.749000
training total time: 5 hours 4 minutes 50 seconds
with average time of 6 min 6 sec per epoch
==========
Model saved
model saved at ../model/pianoroll_classifier_cnn/pianoroll_classifier_2022-03-09_0.pth
