
======
General Training info:
device: cuda
device name: NVIDIA GeForce GTX 1070
model save dir: ../model/pianoroll_classifier_cnn
log dir: ../log/pianoroll_classifier_cnn
total num of epochs: 50
batch size: 8
num of workers: 2
feature conv size: 5
==========

======
Model info:
model structure:
PianorollGenreClassifierCNN(
  (feature): Sequential(
    (0): Conv2d(1, 64, kernel_size=(5, 5), stride=(1, 1), padding=(1, 1))
    (1): ReLU(inplace=True)
    (2): MaxPool2d(kernel_size=2, stride=2, padding=0, dilation=1, ceil_mode=False)
    (3): Conv2d(64, 128, kernel_size=(5, 5), stride=(1, 1), padding=(1, 1))
    (4): BatchNorm2d(128, eps=1e-05, momentum=0.1, affine=True, track_running_stats=True)
    (5): ReLU(inplace=True)
    (6): MaxPool2d(kernel_size=2, stride=2, padding=0, dilation=1, ceil_mode=False)
    (7): Conv2d(128, 128, kernel_size=(5, 5), stride=(1, 1), padding=(1, 1))
    (8): BatchNorm2d(128, eps=1e-05, momentum=0.1, affine=True, track_running_stats=True)
    (9): ReLU(inplace=True)
    (10): Conv2d(128, 128, kernel_size=(5, 5), stride=(1, 1), padding=(1, 1))
    (11): BatchNorm2d(128, eps=1e-05, momentum=0.1, affine=True, track_running_stats=True)
    (12): ReLU(inplace=True)
    (13): MaxPool2d(kernel_size=2, stride=2, padding=0, dilation=1, ceil_mode=False)
  )
  (avgpool): AdaptiveAvgPool2d(output_size=(5, 5))
  (classifier): Sequential(
    (0): Linear(in_features=3200, out_features=512, bias=True)
    (1): ReLU(inplace=True)
    (2): Dropout(p=0.3, inplace=False)
    (3): Linear(in_features=512, out_features=256, bias=True)
    (4): ReLU(inplace=True)
    (5): Dropout(p=0.3, inplace=False)
    (6): Linear(in_features=256, out_features=128, bias=True)
    (7): ReLU(inplace=True)
    (8): Dropout(p=0.3, inplace=False)
    (9): Linear(in_features=128, out_features=64, bias=True)
    (10): ReLU(inplace=True)
    (11): Dropout(p=0.3, inplace=False)
    (12): Linear(in_features=64, out_features=32, bias=True)
    (13): ReLU(inplace=True)
    (14): Dropout(p=0.3, inplace=False)
    (15): Linear(in_features=32, out_features=8, bias=True)
  )
)
model summary:
None==========
training started on 2022-03-09 14:02:56.782273
==========
Current Epoch 1/50
Entry on Wed Mar  9 14:02:56 2022
Currently used time: 0.0h 0.0m 0.00s
Epoch Loss: 0.8119, Epoch Accs: 0.8047
Epoch Time: 9:54
==========
Current Epoch 2/50
Entry on Wed Mar  9 14:12:50 2022
Currently used time: 0.0h 9.0m 53.60s
Epoch Loss: 0.7872, Epoch Accs: 0.8070
Epoch Time: 9:59
==========
Current Epoch 3/50
Entry on Wed Mar  9 14:22:48 2022
Currently used time: 0.0h 19.0m 52.21s
Epoch Loss: 0.7802, Epoch Accs: 0.8070
Epoch Time: 9:54
==========
Current Epoch 4/50
Entry on Wed Mar  9 14:32:43 2022
Currently used time: 0.0h 29.0m 46.32s
Epoch Loss: 0.7774, Epoch Accs: 0.8069
Epoch Time: 10:3
==========
Current Epoch 5/50
Entry on Wed Mar  9 14:42:46 2022
Currently used time: 0.0h 39.0m 49.63s
Epoch Loss: 0.7758, Epoch Accs: 0.8070
Epoch Time: 10:2
==========
Current Epoch 6/50
Entry on Wed Mar  9 14:52:48 2022
Currently used time: 0.0h 49.0m 51.27s
Epoch Loss: 0.7749, Epoch Accs: 0.8068
Epoch Time: 10:4
==========
Current Epoch 7/50
Entry on Wed Mar  9 15:02:51 2022
Currently used time: 0.0h 59.0m 54.98s
