
======
General Training info:
device: cuda
device name: NVIDIA GeForce GTX 1070
model save dir: ../model/pianoroll_classifier_cnn
log dir: ../log/pianoroll_classifier_cnn
total num of epochs: 50
batch size: 16
num of workers: 2
feature conv size: 5
==========

======
Model info:
model structure:
PianorollGenreClassifierCNN(
  (feature): Sequential(
    (0): Conv2d(1, 64, kernel_size=(5, 5), stride=(1, 1), padding=(1, 1))
    (1): ReLU(inplace=True)
    (2): AvgPool2d(kernel_size=4, stride=2, padding=0)
    (3): Conv2d(64, 128, kernel_size=(5, 5), stride=(1, 1), padding=(1, 1))
    (4): BatchNorm2d(128, eps=1e-05, momentum=0.1, affine=True, track_running_stats=True)
    (5): ReLU(inplace=True)
    (6): AvgPool2d(kernel_size=2, stride=2, padding=0)
    (7): Conv2d(128, 128, kernel_size=(5, 5), stride=(1, 1), padding=(1, 1))
    (8): BatchNorm2d(128, eps=1e-05, momentum=0.1, affine=True, track_running_stats=True)
    (9): ReLU(inplace=True)
    (10): Conv2d(128, 128, kernel_size=(5, 5), stride=(1, 1), padding=(1, 1))
    (11): BatchNorm2d(128, eps=1e-05, momentum=0.1, affine=True, track_running_stats=True)
    (12): ReLU(inplace=True)
    (13): AvgPool2d(kernel_size=2, stride=2, padding=0)
  )
  (avgpool): AdaptiveAvgPool2d(output_size=(5, 5))
  (classifier): Sequential(
    (0): Linear(in_features=3200, out_features=512, bias=True)
    (1): ReLU(inplace=True)
    (2): Dropout(p=0.3, inplace=False)
    (3): Linear(in_features=512, out_features=256, bias=True)
    (4): ReLU(inplace=True)
    (5): Dropout(p=0.3, inplace=False)
    (6): Linear(in_features=256, out_features=128, bias=True)
    (7): ReLU(inplace=True)
    (8): Dropout(p=0.3, inplace=False)
    (9): Linear(in_features=128, out_features=64, bias=True)
    (10): ReLU(inplace=True)
    (11): Dropout(p=0.3, inplace=False)
    (12): Linear(in_features=64, out_features=32, bias=True)
    (13): ReLU(inplace=True)
    (14): Dropout(p=0.3, inplace=False)
    (15): Linear(in_features=32, out_features=8, bias=True)
  )
)
model summary:
None==========
training started on 2022-03-09 15:11:55.022207
==========
Current Epoch 1/50
Entry on Wed Mar  9 15:11:55 2022
Currently used time: 0.0h 0.0m 0.00s
Epoch Loss: 0.8257, Epoch Accs: 0.8070
Epoch Time: 7:57
==========
Current Epoch 2/50
Entry on Wed Mar  9 15:19:51 2022
Currently used time: 0.0h 7.0m 56.52s
Epoch Loss: 0.7899, Epoch Accs: 0.8070
Epoch Time: 7:52
==========
Current Epoch 3/50
Entry on Wed Mar  9 15:27:43 2022
Currently used time: 0.0h 15.0m 48.46s
Epoch Loss: 0.7833, Epoch Accs: 0.8070
Epoch Time: 8:1
==========
Current Epoch 4/50
Entry on Wed Mar  9 15:35:44 2022
Currently used time: 0.0h 23.0m 49.83s
Epoch Loss: 0.7797, Epoch Accs: 0.8070
Epoch Time: 8:2
==========
Current Epoch 5/50
Entry on Wed Mar  9 15:43:46 2022
Currently used time: 0.0h 31.0m 51.76s
Epoch Loss: 0.7771, Epoch Accs: 0.8069
Epoch Time: 8:6
==========
Current Epoch 6/50
Entry on Wed Mar  9 15:51:53 2022
Currently used time: 0.0h 39.0m 58.15s
Epoch Loss: 0.7738, Epoch Accs: 0.8070
Epoch Time: 7:57
==========
Current Epoch 7/50
Entry on Wed Mar  9 15:59:50 2022
Currently used time: 0.0h 47.0m 55.28s
Epoch Loss: 0.7746, Epoch Accs: 0.8070
Epoch Time: 7:57
==========
Current Epoch 8/50
Entry on Wed Mar  9 16:07:46 2022
Currently used time: 0.0h 55.0m 51.80s
Epoch Loss: 0.7689, Epoch Accs: 0.8069
Epoch Time: 7:52
==========
Current Epoch 9/50
Entry on Wed Mar  9 16:15:38 2022
Currently used time: 1.0h 3.0m 43.61s
Epoch Loss: 0.7663, Epoch Accs: 0.8065
Epoch Time: 8:0
==========
Current Epoch 10/50
Entry on Wed Mar  9 16:23:39 2022
Currently used time: 1.0h 11.0m 44.09s
Epoch Loss: 0.7646, Epoch Accs: 0.8069
Epoch Time: 7:51
==========
Current Epoch 11/50
Entry on Wed Mar  9 16:31:30 2022
Currently used time: 1.0h 19.0m 35.53s
Epoch Loss: 0.7628, Epoch Accs: 0.8068
Epoch Time: 8:5
==========
Current Epoch 12/50
Entry on Wed Mar  9 16:39:35 2022
Currently used time: 1.0h 27.0m 40.40s
Epoch Loss: 0.7612, Epoch Accs: 0.8069
Epoch Time: 8:0
==========
Current Epoch 13/50
Entry on Wed Mar  9 16:47:35 2022
Currently used time: 1.0h 35.0m 40.82s
Epoch Loss: 0.7605, Epoch Accs: 0.8066
Epoch Time: 7:58
==========
Current Epoch 14/50
Entry on Wed Mar  9 16:55:33 2022
Currently used time: 1.0h 43.0m 38.83s
Epoch Loss: 0.7595, Epoch Accs: 0.8069
Epoch Time: 7:49
==========
Current Epoch 15/50
Entry on Wed Mar  9 17:03:22 2022
Currently used time: 1.0h 51.0m 27.38s
Epoch Loss: 0.7580, Epoch Accs: 0.8068
Epoch Time: 7:56
==========
Current Epoch 16/50
Entry on Wed Mar  9 17:11:18 2022
Currently used time: 1.0h 59.0m 23.15s
Epoch Loss: 0.7570, Epoch Accs: 0.8066
Epoch Time: 7:57
==========
Current Epoch 17/50
Entry on Wed Mar  9 17:19:14 2022
Currently used time: 2.0h 7.0m 19.87s
Epoch Loss: 0.7560, Epoch Accs: 0.8065
Epoch Time: 7:57
==========
Current Epoch 18/50
Entry on Wed Mar  9 17:27:11 2022
Currently used time: 2.0h 15.0m 16.47s
Epoch Loss: 0.7539, Epoch Accs: 0.8069
Epoch Time: 7:56
==========
Current Epoch 19/50
Entry on Wed Mar  9 17:35:07 2022
Currently used time: 2.0h 23.0m 12.79s
Epoch Loss: 0.7527, Epoch Accs: 0.8067
Epoch Time: 7:49
==========
Current Epoch 20/50
Entry on Wed Mar  9 17:42:56 2022
Currently used time: 2.0h 31.0m 1.67s
Epoch Loss: 0.7507, Epoch Accs: 0.8063
Epoch Time: 8:4
==========
Current Epoch 21/50
Entry on Wed Mar  9 17:51:01 2022
Currently used time: 2.0h 39.0m 6.16s
Epoch Loss: 0.7480, Epoch Accs: 0.8069
Epoch Time: 7:59
==========
Current Epoch 22/50
Entry on Wed Mar  9 17:59:00 2022
Currently used time: 2.0h 47.0m 5.46s
Epoch Loss: 0.7482, Epoch Accs: 0.8058
Epoch Time: 8:1
==========
Current Epoch 23/50
Entry on Wed Mar  9 18:07:01 2022
Currently used time: 2.0h 55.0m 6.43s
Epoch Loss: 0.7483, Epoch Accs: 0.8066
Epoch Time: 8:3
==========
Current Epoch 24/50
Entry on Wed Mar  9 18:15:04 2022
Currently used time: 3.0h 3.0m 9.43s
Epoch Loss: 0.7445, Epoch Accs: 0.8066
Epoch Time: 7:50
==========
Current Epoch 25/50
Entry on Wed Mar  9 18:22:54 2022
Currently used time: 3.0h 10.0m 58.99s
Epoch Loss: 0.7461, Epoch Accs: 0.8069
Epoch Time: 8:0
==========
Current Epoch 26/50
Entry on Wed Mar  9 18:30:53 2022
Currently used time: 3.0h 18.0m 58.62s
Epoch Loss: 0.7406, Epoch Accs: 0.8067
Epoch Time: 8:4
==========
Current Epoch 27/50
Entry on Wed Mar  9 18:38:57 2022
Currently used time: 3.0h 27.0m 2.35s
Epoch Loss: 0.7420, Epoch Accs: 0.8068
Epoch Time: 8:8
==========
Current Epoch 28/50
Entry on Wed Mar  9 18:47:05 2022
Currently used time: 3.0h 35.0m 10.26s
Epoch Loss: 0.7419, Epoch Accs: 0.8069
Epoch Time: 8:5
==========
Current Epoch 29/50
Entry on Wed Mar  9 18:55:10 2022
Currently used time: 3.0h 43.0m 15.16s
Epoch Loss: 0.7384, Epoch Accs: 0.8064
Epoch Time: 7:56
==========
Current Epoch 30/50
Entry on Wed Mar  9 19:03:05 2022
Currently used time: 3.0h 51.0m 10.94s
Epoch Loss: 0.7389, Epoch Accs: 0.8066
Epoch Time: 7:58
==========
Current Epoch 31/50
Entry on Wed Mar  9 19:11:04 2022
Currently used time: 3.0h 59.0m 9.23s
Epoch Loss: 0.7381, Epoch Accs: 0.8068
Epoch Time: 7:55
==========
Current Epoch 32/50
Entry on Wed Mar  9 19:18:58 2022
Currently used time: 4.0h 7.0m 3.87s
Epoch Loss: 0.7365, Epoch Accs: 0.8060
Epoch Time: 8:1
==========
Current Epoch 33/50
Entry on Wed Mar  9 19:27:00 2022
Currently used time: 4.0h 15.0m 5.27s
Epoch Loss: 0.7332, Epoch Accs: 0.8062
Epoch Time: 7:59
==========
Current Epoch 34/50
Entry on Wed Mar  9 19:34:59 2022
Currently used time: 4.0h 23.0m 4.42s
Epoch Loss: 0.7312, Epoch Accs: 0.8067
Epoch Time: 8:1
==========
Current Epoch 35/50
Entry on Wed Mar  9 19:43:00 2022
Currently used time: 4.0h 31.0m 5.53s
Epoch Loss: 0.7292, Epoch Accs: 0.8068
Epoch Time: 8:2
==========
Current Epoch 36/50
Entry on Wed Mar  9 19:51:02 2022
Currently used time: 4.0h 39.0m 7.77s
Epoch Loss: 0.7292, Epoch Accs: 0.8060
Epoch Time: 7:56
==========
Current Epoch 37/50
Entry on Wed Mar  9 19:58:58 2022
Currently used time: 4.0h 47.0m 3.94s
Epoch Loss: 0.7254, Epoch Accs: 0.8067
Epoch Time: 7:58
==========
Current Epoch 38/50
Entry on Wed Mar  9 20:06:56 2022
Currently used time: 4.0h 55.0m 1.74s
Epoch Loss: 0.7250, Epoch Accs: 0.8058
Epoch Time: 7:58
==========
Current Epoch 39/50
Entry on Wed Mar  9 20:14:54 2022
Currently used time: 5.0h 2.0m 59.41s
Epoch Loss: 0.7214, Epoch Accs: 0.8064
Epoch Time: 8:0
==========
Current Epoch 40/50
Entry on Wed Mar  9 20:22:54 2022
Currently used time: 5.0h 10.0m 59.59s
Epoch Loss: 0.7239, Epoch Accs: 0.8063
Epoch Time: 7:52
==========
Current Epoch 41/50
Entry on Wed Mar  9 20:30:47 2022
Currently used time: 5.0h 18.0m 52.00s
Epoch Loss: 0.7205, Epoch Accs: 0.8061
Epoch Time: 7:57
==========
Current Epoch 42/50
Entry on Wed Mar  9 20:38:44 2022
Currently used time: 5.0h 26.0m 49.47s
Epoch Loss: 0.7175, Epoch Accs: 0.8061
Epoch Time: 8:3
==========
Current Epoch 43/50
Entry on Wed Mar  9 20:46:47 2022
Currently used time: 5.0h 34.0m 52.75s
Epoch Loss: 0.7108, Epoch Accs: 0.8073
Epoch Time: 8:4
==========
Current Epoch 44/50
Entry on Wed Mar  9 20:54:51 2022
Currently used time: 5.0h 42.0m 56.35s
Epoch Loss: 0.7104, Epoch Accs: 0.8071
Epoch Time: 7:58
==========
Current Epoch 45/50
Entry on Wed Mar  9 21:02:49 2022
Currently used time: 5.0h 50.0m 54.00s
Epoch Loss: 0.7117, Epoch Accs: 0.8056
Epoch Time: 7:55
==========
Current Epoch 46/50
Entry on Wed Mar  9 21:10:43 2022
Currently used time: 5.0h 58.0m 48.89s
Epoch Loss: 0.7038, Epoch Accs: 0.8082
Epoch Time: 8:7
==========
Current Epoch 47/50
Entry on Wed Mar  9 21:18:50 2022
Currently used time: 6.0h 6.0m 55.91s
Epoch Loss: 0.7014, Epoch Accs: 0.8070
Epoch Time: 8:4
==========
Current Epoch 48/50
Entry on Wed Mar  9 21:26:55 2022
Currently used time: 6.0h 15.0m 0.07s
Epoch Loss: 0.7049, Epoch Accs: 0.8064
Epoch Time: 8:1
==========
Current Epoch 49/50
Entry on Wed Mar  9 21:34:55 2022
Currently used time: 6.0h 23.0m 0.83s
Epoch Loss: 0.6965, Epoch Accs: 0.8091
Epoch Time: 8:6
==========
Current Epoch 50/50
Entry on Wed Mar  9 21:43:01 2022
Currently used time: 6.0h 31.0m 6.94s
Epoch Loss: 0.6920, Epoch Accs: 0.8060
Epoch Time: 8:6

Training Finished
Training Summary:
Final Loss: 0.6920, 
Final Acc: 0.8060

training ended on 2022-03-09 21:51:07.868996
training total time: 6 hours 39 minutes 13 seconds
with average time of 7 min 59 sec per epoch
==========
Model saved
model saved at ../model/pianoroll_classifier_cnn/pianoroll_classifier_2022-03-09_15.pth
